#
# There is insufficient memory for the Java Runtime Environment to continue.
# Native memory allocation (mmap) failed to map 134217728 bytes. Error detail: G1 virtual space
# Possible reasons:
#   The system is out of physical RAM or swap space
#   This process is running with CompressedOops enabled, and the Java Heap may be blocking the growth of the native heap
# Possible solutions:
#   Reduce memory load on the system
#   Increase physical memory or swap space
#   Check if swap backing store is full
#   Decrease Java heap size (-Xmx/-Xms)
#   Decrease number of Java threads
#   Decrease Java thread stack sizes (-Xss)
#   Set larger code cache with -XX:ReservedCodeCacheSize=
#   JVM is running with Unscaled Compressed Oops mode in which the Java heap is
#     placed in the first 4GB address space. The Java Heap base address is the
#     maximum limit for the native heap growth. Please use -XX:HeapBaseMinAddress
#     to set the Java Heap base and to place the Java Heap above 4GB virtual address.
# This output file may be truncated or incomplete.
#
#  Out of Memory Error (os_windows.cpp:3713), pid=2368, tid=8132
#
# JRE version:  (21.0.8+9) (build )
# Java VM: OpenJDK 64-Bit Server VM (21.0.8+9-LTS, mixed mode, sharing, tiered, compressed oops, compressed class ptrs, g1 gc, windows-amd64)
# No core dump will be written. Minidumps are not enabled by default on client versions of Windows
#

---------------  S U M M A R Y ------------

Command Line: -ea -Dfile.encoding=UTF-8 -Dstdout.encoding=UTF-8 -Dstderr.encoding=UTF-8 -XX:+ShowCodeDetailsInExceptionMessages org.testng.remote.RemoteTestNG -serport 49581 -protocol json -d C:\Users\gokulakrishnan.v\Documents\Changepond\Maven_projectTask\MavenTask\test-output C:\Users\GOKULA~1.V\AppData\Local\Temp\testng-eclipse-462786926\testng-customsuite.xml

Host: Intel(R) Core(TM) i3-2120 CPU @ 3.30GHz, 4 cores, 7G,  Windows 10 , 64 bit Build 19041 (10.0.19041.5794)
Time: Fri Aug 29 11:36:03 2025 India Standard Time elapsed time: 0.054011 seconds (0d 0h 0m 0s)

---------------  T H R E A D  ---------------

Current thread (0x000001f87f07cf50):  JavaThread "Unknown thread" [_thread_in_vm, id=8132, stack(0x000000ba44e00000,0x000000ba44f00000) (1024K)]

Stack: [0x000000ba44e00000,0x000000ba44f00000]
Native frames: (J=compiled Java code, j=interpreted, Vv=VM code, C=native code)
V  [jvm.dll+0x6d2449]
V  [jvm.dll+0x8ae341]
V  [jvm.dll+0x8b08be]
V  [jvm.dll+0x8b0fa3]
V  [jvm.dll+0x280c96]
V  [jvm.dll+0x6cec15]
V  [jvm.dll+0x6c2c3a]
V  [jvm.dll+0x35867a]
V  [jvm.dll+0x360246]
V  [jvm.dll+0x3b1f9e]
V  [jvm.dll+0x3b2248]
V  [jvm.dll+0x32c8fc]
V  [jvm.dll+0x32d45b]
V  [jvm.dll+0x8775d9]
V  [jvm.dll+0x3bed71]
V  [jvm.dll+0x8605d3]
V  [jvm.dll+0x4530ee]
V  [jvm.dll+0x454d31]
C  [jli.dll+0x5278]
C  [ucrtbase.dll+0x21bb2]
C  [KERNEL32.DLL+0x17374]
C  [ntdll.dll+0x4cc91]


---------------  P R O C E S S  ---------------

Threads class SMR info:
_java_thread_list=0x00007ff9999c11c8, length=0, elements={
}

Java Threads: ( => current thread )
Total: 0

Other Threads:
  0x000001f87ff43cb0 WorkerThread "GC Thread#0"                     [id=22904, stack(0x000000ba44f00000,0x000000ba45000000) (1024K)]
  0x000001f87ff548a0 ConcurrentGCThread "G1 Main Marker"            [id=21040, stack(0x000000ba45000000,0x000000ba45100000) (1024K)]
  0x000001f87ff59e70 WorkerThread "G1 Conc#0"                       [id=784, stack(0x000000ba45100000,0x000000ba45200000) (1024K)]

[error occurred during error reporting (printing all threads), id 0xc0000005, EXCEPTION_ACCESS_VIOLATION (0xc0000005) at pc=0x00007ff9990bf137]
VM state: not at safepoint (not fully initialized)

VM Mutex/Monitor currently owned by a thread:  ([mutex/lock_event])
[0x00007ff999a35558] Heap_lock - owner thread: 0x000001f87f07cf50

Heap address: 0x0000000081800000, size: 2024 MB, Compressed Oops mode: 32-bit

CDS archive(s) mapped at: [0x0000000000000000-0x0000000000000000-0x0000000000000000), size 0, SharedBaseAddress: 0x0000000800000000, ArchiveRelocationMode: 1.
Narrow klass base: 0x0000000000000000, Narrow klass shift: 0, Narrow klass range: 0x0

GC Precious Log:
 CardTable entry size: 512
 Card Set container configuration: InlinePtr #cards 5 size 8 Array Of Cards #cards 12 size 40 Howl #buckets 4 coarsen threshold 1843 Howl Bitmap #cards 512 size 80 coarsen threshold 460 Card regions per heap region 1 cards per card region 2048

Heap:
 garbage-first heap   total 0K, used 0K [0x0000000081800000, 0x0000000100000000)
  region size 1024K, 0 young (0K), 0 survivors (0K)

[error occurred during error reporting (printing heap information), id 0xc0000005, EXCEPTION_ACCESS_VIOLATION (0xc0000005) at pc=0x00007ff9994abba9]
GC Heap History (0 events):
No events

Dll operation events (1 events):
Event: 0.034 Loaded shared library C:\Users\gokulakrishnan.v\.p2\pool\plugins\org.eclipse.justj.openjdk.hotspot.jre.full.win32.x86_64_21.0.8.v20250724-1412\jre\bin\java.dll

Deoptimization events (0 events):
No events

Classes loaded (0 events):
No events

Classes unloaded (0 events):
No events

Classes redefined (0 events):
No events

Internal exceptions (0 events):
No events

ZGC Phase Switch (0 events):
No events

VM Operations (0 events):
No events

Memory protections (0 events):
No events

Nmethod flushes (0 events):
No events

Events (0 events):
No events


Dynamic libraries:
0x00007ff74ab00000 - 0x00007ff74ab0e000 	C:\Users\gokulakrishnan.v\.p2\pool\plugins\org.eclipse.justj.openjdk.hotspot.jre.full.win32.x86_64_21.0.8.v20250724-1412\jre\bin\javaw.exe
0x00007ff9ef0b0000 - 0x00007ff9ef2a8000 	C:\Windows\SYSTEM32\ntdll.dll
0x00007ff9ed570000 - 0x00007ff9ed632000 	C:\Windows\System32\KERNEL32.DLL
0x00007ff9ec890000 - 0x00007ff9ecb86000 	C:\Windows\System32\KERNELBASE.dll
0x00007ff9ecbc0000 - 0x00007ff9eccc0000 	C:\Windows\System32\ucrtbase.dll
0x00007ff9c5fe0000 - 0x00007ff9c5ff8000 	C:\Users\gokulakrishnan.v\.p2\pool\plugins\org.eclipse.justj.openjdk.hotspot.jre.full.win32.x86_64_21.0.8.v20250724-1412\jre\bin\jli.dll
0x00007ff9e8b00000 - 0x00007ff9e8b1e000 	C:\Users\gokulakrishnan.v\.p2\pool\plugins\org.eclipse.justj.openjdk.hotspot.jre.full.win32.x86_64_21.0.8.v20250724-1412\jre\bin\VCRUNTIME140.dll
0x00007ff9ed640000 - 0x00007ff9ed7dd000 	C:\Windows\System32\USER32.dll
0x00007ff9ecd40000 - 0x00007ff9ecd62000 	C:\Windows\System32\win32u.dll
0x00007ff9edb10000 - 0x00007ff9edb3b000 	C:\Windows\System32\GDI32.dll
0x00007ff9ecdc0000 - 0x00007ff9eceda000 	C:\Windows\System32\gdi32full.dll
0x00007ff9ed040000 - 0x00007ff9ed0dd000 	C:\Windows\System32\msvcp_win.dll
0x00007ff9dbc60000 - 0x00007ff9dbefa000 	C:\Windows\WinSxS\amd64_microsoft.windows.common-controls_6595b64144ccf1df_6.0.19041.5794_none_60bcd33171f2783c\COMCTL32.dll
0x00007ff9ede10000 - 0x00007ff9edeae000 	C:\Windows\System32\msvcrt.dll
0x00007ff9edeb0000 - 0x00007ff9ededf000 	C:\Windows\System32\IMM32.DLL
0x00007ff9b56f0000 - 0x00007ff9b584a000 	C:\Windows\system32\tmumh\20019\AddOn\8.55.0.1333\TmUmEvt64.dll
0x00007ff9edee0000 - 0x00007ff9edee8000 	C:\Windows\System32\PSAPI.DLL
0x00007ff9ed990000 - 0x00007ff9eda3f000 	C:\Windows\System32\ADVAPI32.dll
0x00007ff9eefd0000 - 0x00007ff9ef06f000 	C:\Windows\System32\sechost.dll
0x00007ff9edb40000 - 0x00007ff9edc63000 	C:\Windows\System32\RPCRT4.dll
0x00007ff9ecb90000 - 0x00007ff9ecbb7000 	C:\Windows\System32\bcrypt.dll
0x0000000054b80000 - 0x0000000054ca6000 	C:\Windows\system32\tmumh\20019\TmMon\2.9.0.1205\tmmon64.dll
0x00007ff9dbf70000 - 0x00007ff9dbf7c000 	C:\Users\gokulakrishnan.v\.p2\pool\plugins\org.eclipse.justj.openjdk.hotspot.jre.full.win32.x86_64_21.0.8.v20250724-1412\jre\bin\vcruntime140_1.dll
0x00007ff9af750000 - 0x00007ff9af7dd000 	C:\Users\gokulakrishnan.v\.p2\pool\plugins\org.eclipse.justj.openjdk.hotspot.jre.full.win32.x86_64_21.0.8.v20250724-1412\jre\bin\msvcp140.dll
0x00007ff998d80000 - 0x00007ff999b17000 	C:\Users\gokulakrishnan.v\.p2\pool\plugins\org.eclipse.justj.openjdk.hotspot.jre.full.win32.x86_64_21.0.8.v20250724-1412\jre\bin\server\jvm.dll
0x00007ff9edf00000 - 0x00007ff9edf6b000 	C:\Windows\System32\WS2_32.dll
0x00007ff9ebce0000 - 0x00007ff9ebd2b000 	C:\Windows\SYSTEM32\POWRPROF.dll
0x00007ff9dbf00000 - 0x00007ff9dbf27000 	C:\Windows\SYSTEM32\WINMM.dll
0x00007ff9e5310000 - 0x00007ff9e531a000 	C:\Windows\SYSTEM32\VERSION.dll
0x00007ff9ebb50000 - 0x00007ff9ebb62000 	C:\Windows\SYSTEM32\UMPDC.dll
0x00007ff9ea410000 - 0x00007ff9ea422000 	C:\Windows\SYSTEM32\kernel.appcore.dll
0x00007ff9e8ad0000 - 0x00007ff9e8ada000 	C:\Users\gokulakrishnan.v\.p2\pool\plugins\org.eclipse.justj.openjdk.hotspot.jre.full.win32.x86_64_21.0.8.v20250724-1412\jre\bin\jimage.dll
0x00007ff9db270000 - 0x00007ff9db471000 	C:\Windows\SYSTEM32\DBGHELP.DLL
0x00007ff9d7bb0000 - 0x00007ff9d7be4000 	C:\Windows\SYSTEM32\dbgcore.DLL
0x00007ff9ec750000 - 0x00007ff9ec7d2000 	C:\Windows\System32\bcryptPrimitives.dll
0x00007ff9dc180000 - 0x00007ff9dc19f000 	C:\Users\gokulakrishnan.v\.p2\pool\plugins\org.eclipse.justj.openjdk.hotspot.jre.full.win32.x86_64_21.0.8.v20250724-1412\jre\bin\java.dll

JVMTI agents: none

dbghelp: loaded successfully - version: 4.0.5 - missing functions: none
symbol engine: initialized successfully - sym options: 0x614 - pdb path: .;C:\Users\gokulakrishnan.v\.p2\pool\plugins\org.eclipse.justj.openjdk.hotspot.jre.full.win32.x86_64_21.0.8.v20250724-1412\jre\bin;C:\Windows\SYSTEM32;C:\Windows\WinSxS\amd64_microsoft.windows.common-controls_6595b64144ccf1df_6.0.19041.5794_none_60bcd33171f2783c;C:\Windows\system32\tmumh\20019\AddOn\8.55.0.1333;C:\Windows\system32\tmumh\20019\TmMon\2.9.0.1205;C:\Users\gokulakrishnan.v\.p2\pool\plugins\org.eclipse.justj.openjdk.hotspot.jre.full.win32.x86_64_21.0.8.v20250724-1412\jre\bin\server

VM Arguments:
jvm_args: -ea -Dfile.encoding=UTF-8 -Dstdout.encoding=UTF-8 -Dstderr.encoding=UTF-8 -XX:+ShowCodeDetailsInExceptionMessages 
java_command: org.testng.remote.RemoteTestNG -serport 49581 -protocol json -d C:\Users\gokulakrishnan.v\Documents\Changepond\Maven_projectTask\MavenTask\test-output C:\Users\GOKULA~1.V\AppData\Local\Temp\testng-eclipse-462786926\testng-customsuite.xml
java_class_path (initial): C:\Users\gokulakrishnan.v\eclipse\jee-2025-062\eclipse\configuration\org.eclipse.osgi\1008\0\.cp\lib\testng-remote.jar;C:\Users\gokulakrishnan.v\Documents\Changepond\Maven_projectTask\MavenTask\target\test-classes;C:\Users\gokulakrishnan.v\Documents\Changepond\Maven_projectTask\MavenTask\target\classes;C:\Users\gokulakrishnan.v\.p2\pool\plugins\org.testng_7.11.0.r202503091654.jar;C:\Users\gokulakrishnan.v\.p2\pool\plugins\com.beust.jcommander_1.83.0.jar;C:\Users\gokulakrishnan.v\.p2\pool\plugins\slf4j.api_2.0.17.jar;C:\Users\gokulakrishnan.v\.p2\pool\plugins\org.yaml.snakeyaml_2.2.0.jar;C:\Users\gokulakrishnan.v\.p2\pool\plugins\org.webjars.jquery_3.7.1.jar;C:\Users\gokulakrishnan.v\.m2\repository\org\seleniumhq\selenium\selenium-java\4.34.0\selenium-java-4.34.0.jar;C:\Users\gokulakrishnan.v\.m2\repository\org\seleniumhq\selenium\selenium-api\4.34.0\selenium-api-4.34.0.jar;C:\Users\gokulakrishnan.v\.m2\repository\org\jspecify\jspecify\1.0.0\jspecify-1.0.0.jar;C:\Users\gokulakrishnan.v\.m2\repository\org\seleniumhq\selenium\selenium-chrome-driver\4.34.0\selenium-chrome-driver-4.34.0.jar;C:\Users\gokulakrishnan.v\.m2\repository\com\google\auto\service\auto-service-annotations\1.1.1\auto-service-annotations-1.1.1.jar;C:\Users\gokulakrishnan.v\.m2\repository\org\seleniumhq\selenium\selenium-chromium-driver\4.34.0\selenium-chromium-driver-4.34.0.jar;C:\Users\gokulakrishnan.v\.m2\repository\org\seleniumhq\selenium\selenium-json\4.34.0\selenium-json-4.34.0.jar;C:\Users\gokulakrishnan.v\.m2\repository\org\seleniumhq\selenium\selenium-manager\4.34.0\selenium-manager-4.34.0.jar;C:\Users\gokulakrishnan.v\.m2\repository\org\seleniumhq\selenium\selenium-devtools-v136\4.34.0\selenium-devtools-v136-4.34.0.jar;C:\Users\gokulakrishnan.v\.m2\repository\org\seleniumhq\selenium\selenium-devtools-v137\4.34.0\selenium-devtools-v137-4.34.0.jar;C:\Users\gokulakrishnan.v\.m2\repository\org\seleniumhq\selenium\selenium-devtools-v138\4.34.0\selenium-devtools-v138-4.34.0.jar;C:\Users\gokulakrishnan.v\.m2\repository\org\seleniumhq\selenium\selenium-edge-driver\4.34.0\selenium-edge-driver-4.34.0.jar;C:\Users\gokulakrishnan.v\.m2\repository\org\seleniumhq\selenium\selenium-firefox-driver\4.34.0\selenium-firefox-driver-4.34.0.jar;C:\Users\gokulakrishnan.v\.m2\repository\org\seleniumhq\selenium\selenium-http\4.34.0\selenium-http-4.34.0.jar;C:\Users\gokulakrishnan.v\.m2\repository\org\seleniumhq\selenium\selenium-ie-driver\4.34.0\selenium-ie-driver-4.34.0.jar;C:\Users\gokulakrishnan.v\.m2\repository\org\seleniumhq\selenium\selenium-remote-driver\4.34.0\selenium-remote-driver-4.34.0.jar;C:\Users\gokulakrishnan.v\.m2\repository\com\google\guava\guava\33.4.8-jre\guava-33.4.8-jre.jar;C:\Users\gokulakrishnan.v\.m2\repository\com\google\guava\failureaccess\1.0.3\failureaccess-1.0.3.jar;C:\Users\gokulakrishnan.v\.m2\repository\com\google\guava\listenablefuture\9999.0-empty-to-avoid-conflict-with-guava\listenablefuture-9999.0-empty-to-avoid-conflict-with-guava.jar;C:\Users\gokulakrishnan.v\.m2\repository\com\google\errorprone\error_prone_annotations\2.36.0\error_prone_annotations-2.36.0.jar;C:\Users\gokulakrishnan.v\.m2\repository\com\google\j2objc\j2objc-annotations\3.0.0\j2objc-annotations-3.0.0.jar;C:\Users\gokulakrishnan.v\.m2\repository\io\opentelemetry\opentelemetry-api\1.51.0\opentelemetry-api-1.51.0.jar;C:\Users\gokulakrishnan.v\.m2\repository\io\opentelemetry\opentelemetry-context\1.51.0\opentelemetry-context-1.51.0.jar;C:\Users\gokulakrishnan.v\.m2\repository\io\opentelemetry\opentelemetry-exporter-logging\1.51.0\opentelemetry-exporter-logging-1.51.0.jar;C:\Users\gokulakrishnan.v\.m2\repository\io\opentelemetry\opentelemetry-sdk-common\1.51.0\opentelemetry-sdk-common-1.51.0.jar;C:\Users\gokulakrishnan.v\.m2\repository\io\opentelemetry\opentelemetry-sdk-extension-autoconfigure-spi\1.51.0\opentelemetry-sdk-extension-autoconfigure-spi-1.51.0.jar;C:\Users\gokulakrishnan.v\.m2\repository\io\opentelemetry\opentelemetry-sdk-extension-autoconfigure\1.51.0\opentelemetry-sdk-extension-autoconfigure-1.51.0.jar;C:\Users\gokulakrishnan.v\.m2\repository\io\opentelemetry\opentelemetry-sdk-trace\1.51.0\opentelemetry-sdk-trace-1.51.0.jar;C:\Users\gokulakrishnan.v\.m2\repository\io\opentelemetry\opentelemetry-sdk\1.51.0\opentelemetry-sdk-1.51.0.jar;C:\Users\gokulakrishnan.v\.m2\repository\io\opentelemetry\opentelemetry-sdk-metrics\1.51.0\opentelemetry-sdk-metrics-1.51.0.jar;C:\Users\gokulakrishnan.v\.m2\repository\io\opentelemetry\opentelemetry-sdk-logs\1.51.0\opentelemetry-sdk-logs-1.51.0.jar;C:\Users\gokulakrishnan.v\.m2\repository\net\bytebuddy\byte-buddy\1.17.6\byte-buddy-1.17.6.jar;C:\Users\gokulakrishnan.v\.m2\repository\org\seleniumhq\selenium\selenium-os\4.34.0\selenium-os-4.34.0.jar;C:\Users\gokulakrishnan.v\.m2\repository\org\apache\commons\commons-exec\1.5.0\commons-exec-1.5.0.jar;C:\Users\gokulakrishnan.v\.m2\repository\org\seleniumhq\selenium\selenium-safari-driver\4.34.0\selenium-safari-driver-4.34.0.jar;C:\Users\gokulakrishnan.v\.m2\repository\org\seleniumhq\selenium\selenium-support\4.34.0\selenium-support-4.34.0.jar
Launcher Type: SUN_STANDARD

[Global flags]
     intx CICompilerCount                          = 3                                         {product} {ergonomic}
     uint ConcGCThreads                            = 1                                         {product} {ergonomic}
     uint G1ConcRefinementThreads                  = 4                                         {product} {ergonomic}
   size_t G1HeapRegionSize                         = 1048576                                   {product} {ergonomic}
    uintx GCDrainStackTargetSize                   = 64                                        {product} {ergonomic}
   size_t InitialHeapSize                          = 134217728                                 {product} {ergonomic}
   size_t MarkStackSize                            = 4194304                                   {product} {ergonomic}
   size_t MaxHeapSize                              = 2122317824                                {product} {ergonomic}
   size_t MinHeapDeltaBytes                        = 1048576                                   {product} {ergonomic}
   size_t MinHeapSize                              = 8388608                                   {product} {ergonomic}
    uintx NonNMethodCodeHeapSize                   = 5832780                                {pd product} {ergonomic}
    uintx NonProfiledCodeHeapSize                  = 122912730                              {pd product} {ergonomic}
    uintx ProfiledCodeHeapSize                     = 122912730                              {pd product} {ergonomic}
    uintx ReservedCodeCacheSize                    = 251658240                              {pd product} {ergonomic}
     bool SegmentedCodeCache                       = true                                      {product} {ergonomic}
     bool ShowCodeDetailsInExceptionMessages       = true                                   {manageable} {command line}
   size_t SoftMaxHeapSize                          = 2122317824                             {manageable} {ergonomic}
     bool UseCompressedOops                        = true                           {product lp64_product} {ergonomic}
     bool UseG1GC                                  = true                                      {product} {ergonomic}
     bool UseLargePagesIndividualAllocation        = false                                  {pd product} {ergonomic}

Logging:
Log output configuration:
 #0: stdout all=warning uptime,level,tags foldmultilines=false
 #1: stderr all=off uptime,level,tags foldmultilines=false

Environment Variables:
JAVA_HOME=C:\Program Files\Java\jdk-21
PATH=C:/Users/gokulakrishnan.v/.p2/pool/plugins/org.eclipse.justj.openjdk.hotspot.jre.full.win32.x86_64_21.0.8.v20250724-1412/jre/bin/server;C:/Users/gokulakrishnan.v/.p2/pool/plugins/org.eclipse.justj.openjdk.hotspot.jre.full.win32.x86_64_21.0.8.v20250724-1412/jre/bin;C:\Program Files\Common Files\Oracle\Java\javapath;C:\Program Files (x86)\Common Files\Oracle\Java\javapath;C:\Windows\system32;C:\Windows;C:\Windows\System32\Wbem;C:\Windows\System32\WindowsPowerShell\v1.0\;C:\Windows\System32\OpenSSH\;C:\Program Files\TortoiseSVN\bin;C:\Program Files\Microsoft SQL Server\150\Tools\Binn\;C:\Program Files\nodejs\;C:\Program Files\Microsoft VS Code\bin;C:\apache-jmeter-5.6.3\apache-jmeter-5.6.3\bin;C:\Program Files\Java\jdk-21\bin;C:\Program Files\Microsoft SQL Server\Client SDK\ODBC\170\Tools\Binn\;C:\Program Files\dotnet\;C:\Users\gokulakrishnan.v\AppData\Local\Microsoft\WindowsApps;C:\Users\gokulakrishnan.v\AppData\Local\Programs\Git\cmd;C:\Windows\system32;
USERNAME=gokulakrishnan.v
OS=Windows_NT
PROCESSOR_IDENTIFIER=Intel64 Family 6 Model 42 Stepping 7, GenuineIntel
TMP=C:\Users\GOKULA~1.V\AppData\Local\Temp
TEMP=C:\Users\GOKULA~1.V\AppData\Local\Temp




Periodic native trim disabled

---------------  S Y S T E M  ---------------

OS:
 Windows 10 , 64 bit Build 19041 (10.0.19041.5794)
OS uptime: 4 days 1:15 hours

CPU: total 4 (initial active 4) (2 cores per cpu, 2 threads per core) family 6 model 42 stepping 7 microcode 0x2f, cx8, cmov, fxsr, ht, mmx, sse, sse2, sse3, ssse3, sse4.1, sse4.2, popcnt, tsc, tscinvbit, avx, clmul, vzeroupper, clflush, rdtscp
Processor Information for the first 4 processors :
  Max Mhz: 3300, Current Mhz: 3300, Mhz Limit: 3300

Memory: 4k page, system-wide physical 8089M (881M free)
TotalPageFile size 12185M (AvailPageFile size 125M)
current process WorkingSet (physical memory assigned to process): 13M, peak: 13M
current process commit charge ("private bytes"): 55M, peak: 182M

vm_info: OpenJDK 64-Bit Server VM (21.0.8+9-LTS) for windows-amd64 JRE (21.0.8+9-LTS), built on 2025-07-15T00:00:00Z by "admin" with MS VC++ 17.7 (VS2022)

END.
